21-12-2024 03:16:11 [INFO] [one_hidden_layer_nn::data] The shape of x is: [2, 400]
21-12-2024 03:16:11 [INFO] [one_hidden_layer_nn::data] The shape of y is: [1, 400]
21-12-2024 03:16:11 [INFO] [one_hidden_layer_nn::data] There are m = 400 training examples 
21-12-2024 08:24:13 [INFO] [one_hidden_layer_nn::data] The shape of x is: [2, 400]
21-12-2024 08:24:13 [INFO] [one_hidden_layer_nn::data] The shape of y is: [1, 400]
21-12-2024 08:24:13 [INFO] [one_hidden_layer_nn::data] There are m = 400 training examples 
21-12-2024 08:29:27 [INFO] [one_hidden_layer_nn::data] The shape of x is: [2, 400]
21-12-2024 08:29:27 [INFO] [one_hidden_layer_nn::data] The shape of y is: [1, 400]
21-12-2024 08:29:27 [INFO] [one_hidden_layer_nn::data] There are m = 400 training examples 
21-12-2024 08:37:14 [INFO] [one_hidden_layer_nn::data] The shape of x is: [2, 400]
21-12-2024 08:37:14 [INFO] [one_hidden_layer_nn::data] The shape of y is: [1, 400]
21-12-2024 08:37:14 [INFO] [one_hidden_layer_nn::data] There are m = 400 training examples 
21-12-2024 09:14:20 [INFO] [one_hidden_layer_nn::data] The shape of x is: [2, 400]
21-12-2024 09:14:20 [INFO] [one_hidden_layer_nn::data] The shape of y is: [1, 400]
21-12-2024 09:14:20 [INFO] [one_hidden_layer_nn::data] There are m = 400 training examples 
21-12-2024 09:14:58 [INFO] [one_hidden_layer_nn::data] The shape of x is: [2, 400]
21-12-2024 09:14:58 [INFO] [one_hidden_layer_nn::data] The shape of y is: [1, 400]
21-12-2024 09:14:58 [INFO] [one_hidden_layer_nn::data] There are m = 400 training examples 
21-12-2024 09:15:51 [INFO] [one_hidden_layer_nn::data] The shape of x is: [2, 400]
21-12-2024 09:15:51 [INFO] [one_hidden_layer_nn::data] The shape of y is: [1, 400]
21-12-2024 09:15:51 [INFO] [one_hidden_layer_nn::data] There are m = 400 training examples 
21-12-2024 09:18:19 [INFO] [one_hidden_layer_nn::data] The shape of x is: [2, 400]
21-12-2024 09:18:19 [INFO] [one_hidden_layer_nn::data] The shape of y is: [1, 400]
21-12-2024 09:18:19 [INFO] [one_hidden_layer_nn::data] There are m = 400 training examples 
21-12-2024 09:41:14 [INFO] [one_hidden_layer_nn::data] The shape of x is: [2, 400]
21-12-2024 09:41:14 [INFO] [one_hidden_layer_nn::data] The shape of y is: [1, 400]
21-12-2024 09:41:14 [INFO] [one_hidden_layer_nn::data] There are m = 400 training examples 
21-12-2024 09:41:45 [INFO] [one_hidden_layer_nn::data] The shape of x is: [2, 400]
21-12-2024 09:41:45 [INFO] [one_hidden_layer_nn::data] The shape of y is: [1, 400]
21-12-2024 09:41:45 [INFO] [one_hidden_layer_nn::data] There are m = 400 training examples 
21-12-2024 09:55:46 [INFO] [one_hidden_layer_nn::data] The shape of x is: [2, 400]
21-12-2024 09:55:46 [INFO] [one_hidden_layer_nn::data] The shape of y is: [1, 400]
21-12-2024 09:55:46 [INFO] [one_hidden_layer_nn::data] There are m = 400 training examples 
21-12-2024 10:00:43 [INFO] [one_hidden_layer_nn::data] The shape of x is: [2, 400]
21-12-2024 10:00:43 [INFO] [one_hidden_layer_nn::data] The shape of y is: [1, 400]
21-12-2024 10:00:43 [INFO] [one_hidden_layer_nn::data] There are m = 400 training examples 
21-12-2024 10:15:19 [INFO] [one_hidden_layer_nn::data] The shape of x is: [2, 400]
21-12-2024 10:15:19 [INFO] [one_hidden_layer_nn::data] The shape of y is: [1, 400]
21-12-2024 10:15:19 [INFO] [one_hidden_layer_nn::data] There are m = 400 training examples 
21-12-2024 10:17:06 [INFO] [one_hidden_layer_nn::data] The shape of x is: [2, 400]
21-12-2024 10:17:06 [INFO] [one_hidden_layer_nn::data] The shape of y is: [1, 400]
21-12-2024 10:17:06 [INFO] [one_hidden_layer_nn::data] There are m = 400 training examples 
21-12-2024 10:21:34 [INFO] [one_hidden_layer_nn::data] The shape of x is: [2, 400]
21-12-2024 10:21:34 [INFO] [one_hidden_layer_nn::data] The shape of y is: [1, 400]
21-12-2024 10:21:34 [INFO] [one_hidden_layer_nn::data] There are m = 400 training examples 
21-12-2024 10:22:55 [INFO] [one_hidden_layer_nn::data] The shape of x is: [2, 400]
21-12-2024 10:22:55 [INFO] [one_hidden_layer_nn::data] The shape of y is: [1, 400]
21-12-2024 10:22:55 [INFO] [one_hidden_layer_nn::data] There are m = 400 training examples 
21-12-2024 10:23:36 [INFO] [one_hidden_layer_nn::data] The shape of x is: [2, 400]
21-12-2024 10:23:36 [INFO] [one_hidden_layer_nn::data] The shape of y is: [1, 400]
21-12-2024 10:23:36 [INFO] [one_hidden_layer_nn::data] There are m = 400 training examples 
21-12-2024 10:24:48 [INFO] [one_hidden_layer_nn::data] The shape of x is: [2, 400]
21-12-2024 10:24:48 [INFO] [one_hidden_layer_nn::data] The shape of y is: [1, 400]
21-12-2024 10:24:48 [INFO] [one_hidden_layer_nn::data] There are m = 400 training examples 
21-12-2024 10:25:55 [INFO] [one_hidden_layer_nn::data] The shape of x is: [2, 400]
21-12-2024 10:25:55 [INFO] [one_hidden_layer_nn::data] The shape of y is: [1, 400]
21-12-2024 10:25:55 [INFO] [one_hidden_layer_nn::data] There are m = 400 training examples 
21-12-2024 10:26:46 [INFO] [one_hidden_layer_nn::data] The shape of x is: [2, 400]
21-12-2024 10:26:46 [INFO] [one_hidden_layer_nn::data] The shape of y is: [1, 400]
21-12-2024 10:26:46 [INFO] [one_hidden_layer_nn::data] There are m = 400 training examples 
21-12-2024 10:27:58 [INFO] [one_hidden_layer_nn::data] The shape of x is: [2, 400]
21-12-2024 10:27:58 [INFO] [one_hidden_layer_nn::data] The shape of y is: [1, 400]
21-12-2024 10:27:58 [INFO] [one_hidden_layer_nn::data] There are m = 400 training examples 
21-12-2024 10:29:04 [INFO] [one_hidden_layer_nn::data] The shape of x is: [2, 400]
21-12-2024 10:29:04 [INFO] [one_hidden_layer_nn::data] The shape of y is: [1, 400]
21-12-2024 10:29:04 [INFO] [one_hidden_layer_nn::data] There are m = 400 training examples 
21-12-2024 10:30:01 [INFO] [one_hidden_layer_nn::data] The shape of x is: [2, 400]
21-12-2024 10:30:01 [INFO] [one_hidden_layer_nn::data] The shape of y is: [1, 400]
21-12-2024 10:30:01 [INFO] [one_hidden_layer_nn::data] There are m = 400 training examples 
22-12-2024 07:00:43 [INFO] [one_hidden_layer_nn::data] The shape of x is: [2, 400]
22-12-2024 07:00:43 [INFO] [one_hidden_layer_nn::data] The shape of y is: [1, 400]
22-12-2024 07:00:43 [INFO] [one_hidden_layer_nn::data] There are m = 400 training examples 
22-12-2024 07:00:44 [INFO] [one_hidden_layer_nn::helper] The shape of train is: [1440, 11]
22-12-2024 07:04:39 [INFO] [one_hidden_layer_nn::data] The shape of x is: [2, 400]
22-12-2024 07:04:39 [INFO] [one_hidden_layer_nn::data] The shape of y is: [1, 400]
22-12-2024 07:04:39 [INFO] [one_hidden_layer_nn::data] There are m = 400 training examples 
22-12-2024 07:04:39 [INFO] [one_hidden_layer_nn::helper] train.nsamples: 1440
22-12-2024 07:04:41 [INFO] [one_hidden_layer_nn::helper] The shape of train is: [1440, 11]
22-12-2024 07:05:12 [INFO] [one_hidden_layer_nn::data] The shape of x is: [2, 400]
22-12-2024 07:05:12 [INFO] [one_hidden_layer_nn::data] The shape of y is: [1, 400]
22-12-2024 07:05:12 [INFO] [one_hidden_layer_nn::data] There are m = 400 training examples 
22-12-2024 07:05:12 [INFO] [one_hidden_layer_nn::helper] train.nsamples: DatasetBase { records: [[7.4, 0.7, 0.0, 1.9, 0.076, 11.0, 34.0, 0.9978, 3.51, 0.56, 9.4],
 [7.8, 0.88, 0.0, 2.6, 0.098, 25.0, 67.0, 0.9968, 3.2, 0.68, 9.8],
 [7.8, 0.76, 0.04, 2.3, 0.092, 15.0, 54.0, 0.997, 3.26, 0.65, 9.8],
 [11.2, 0.28, 0.56, 1.9, 0.075, 17.0, 60.0, 0.998, 3.16, 0.58, 9.8],
 [7.4, 0.7, 0.0, 1.9, 0.076, 11.0, 34.0, 0.9978, 3.51, 0.56, 9.4],
 ...,
 [10.2, 0.54, 0.37, 15.4, 0.214, 55.0, 95.0, 1.00369, 3.18, 0.77, 9.0],
 [10.0, 0.38, 0.38, 1.6, 0.169, 27.0, 90.0, 0.99914, 3.15, 0.65, 8.5],
 [6.8, 0.915, 0.29, 4.8, 0.07, 15.0, 39.0, 0.99577, 3.53, 0.54, 11.1],
 [7.0, 0.59, 0.0, 1.7, 0.052, 3.0, 8.0, 0.996, 3.41, 0.47, 10.3],
 [7.3, 0.67, 0.02, 2.2, 0.072, 31.0, 92.0, 0.99566, 3.32, 0.68, 11.0666666666667]], shape=[1440, 11], strides=[11, 1], layout=Cc (0x5), const ndim=2, targets: ["bad", "bad", "bad", "bad", "bad", ..., "bad", "bad", "bad", "bad", "bad"], shape=[1440], strides=[1], layout=CFcf (0xf), const ndim=1, weights: [], shape=[0], strides=[0], layout=CFcf (0xf), const ndim=1, feature_names: ["fixed acidity", "volatile acidity", "citric acid", "residual sugar", "chlorides", "free sulfur dioxide", "total sulfur dioxide", "density", "pH", "sulphates", "alcohol"] }
22-12-2024 07:05:14 [INFO] [one_hidden_layer_nn::helper] The shape of train is: [1440, 11]
22-12-2024 07:11:18 [INFO] [one_hidden_layer_nn::data] The shape of x is: [2, 400]
22-12-2024 07:11:18 [INFO] [one_hidden_layer_nn::data] The shape of y is: [1, 400]
22-12-2024 07:11:18 [INFO] [one_hidden_layer_nn::data] There are m = 400 training examples 
22-12-2024 07:11:18 [INFO] [one_hidden_layer_nn::helper] train.nsamples: DatasetBase { records: [[7.4, 0.7, 0.0, 1.9, 0.076, 11.0, 34.0, 0.9978, 3.51, 0.56, 9.4],
 [7.8, 0.88, 0.0, 2.6, 0.098, 25.0, 67.0, 0.9968, 3.2, 0.68, 9.8],
 [7.8, 0.76, 0.04, 2.3, 0.092, 15.0, 54.0, 0.997, 3.26, 0.65, 9.8],
 [11.2, 0.28, 0.56, 1.9, 0.075, 17.0, 60.0, 0.998, 3.16, 0.58, 9.8],
 [7.4, 0.7, 0.0, 1.9, 0.076, 11.0, 34.0, 0.9978, 3.51, 0.56, 9.4],
 ...,
 [10.2, 0.54, 0.37, 15.4, 0.214, 55.0, 95.0, 1.00369, 3.18, 0.77, 9.0],
 [10.0, 0.38, 0.38, 1.6, 0.169, 27.0, 90.0, 0.99914, 3.15, 0.65, 8.5],
 [6.8, 0.915, 0.29, 4.8, 0.07, 15.0, 39.0, 0.99577, 3.53, 0.54, 11.1],
 [7.0, 0.59, 0.0, 1.7, 0.052, 3.0, 8.0, 0.996, 3.41, 0.47, 10.3],
 [7.3, 0.67, 0.02, 2.2, 0.072, 31.0, 92.0, 0.99566, 3.32, 0.68, 11.0666666666667]], shape=[1440, 11], strides=[11, 1], layout=Cc (0x5), const ndim=2, targets: ["bad", "bad", "bad", "bad", "bad", ..., "bad", "bad", "bad", "bad", "bad"], shape=[1440], strides=[1], layout=CFcf (0xf), const ndim=1, weights: [], shape=[0], strides=[0], layout=CFcf (0xf), const ndim=1, feature_names: ["fixed acidity", "volatile acidity", "citric acid", "residual sugar", "chlorides", "free sulfur dioxide", "total sulfur dioxide", "density", "pH", "sulphates", "alcohol"] }
22-12-2024 07:11:20 [INFO] [one_hidden_layer_nn::helper] The shape of train is: [1440, 11]
